<?xml version="1.0" encoding="UTF-8"?>
<!-- Generated by org.testng.reporters.JUnitReportReporter -->
<testsuite hostname="DESKTOP-UQGT4II" failures="0" tests="3" name="TestScenarios.Navigation$TestSA_RemoteValLogin" time="35.604" errors="0" timestamp="2023-07-14T12:55:23 IST" skipped="0">
  <testcase classname="TestScenarios.Navigation$TestSA_RemoteValLogin" name="NavigateToFacebook" time="9.136"/>
  <testcase classname="TestScenarios.Navigation$TestSA_RemoteValLogin" name="NavigateBack" time="10.093"/>
  <testcase classname="TestScenarios.Navigation$TestSA_RemoteValLogin" name="NavigateForword" time="16.375"/>
</testsuite> <!-- TestScenarios.Navigation$TestSA_RemoteValLogin -->
