<?xml version="1.0" encoding="UTF-8"?>
<!-- Generated by org.testng.reporters.JUnitReportReporter -->
<testsuite hostname="DESKTOP-UQGT4II" failures="0" tests="3" name="TestScenarios.TestMethods_GoogleSearch" time="43.482" errors="0" timestamp="2023-07-07T18:54:24 IST" skipped="0">
  <testcase classname="TestScenarios.TestMethods_GoogleSearch" name="SearhOperation" time="14.771"/>
  <system-out/>
  <testcase classname="TestScenarios.TestMethods_GoogleSearch" name="VerifyaccessFacebook" time="8.464"/>
  <system-out/>
  <testcase classname="TestScenarios.TestMethods_GoogleSearch" name="VerifyLogin" time="20.247"/>
  <system-out/>
</testsuite> <!-- TestScenarios.TestMethods_GoogleSearch -->
