<?xml version="1.0" encoding="UTF-8"?>
<!-- Generated by org.testng.reporters.JUnitReportReporter -->
<testsuite hostname="DESKTOP-UQGT4II" failures="0" tests="3" name="TestScenarios.TestMethodPageFactory" time="29.982" errors="0" timestamp="2023-07-10T15:56:25 IST" skipped="0">
  <testcase classname="TestScenarios.TestMethodPageFactory" name="SearhOperation" time="2.561"/>
  <system-out/>
  <testcase classname="TestScenarios.TestMethodPageFactory" name="VerifyaccessFacebook" time="13.703"/>
  <system-out/>
  <testcase classname="TestScenarios.TestMethodPageFactory" name="VerifyLogin" time="13.718"/>
  <system-out/>
</testsuite> <!-- TestScenarios.TestMethodPageFactory -->
